<?xml version="1.0" encoding="UTF-8"?>
<!-- Generated by org.testng.reporters.JUnitReportReporter -->
<testsuite hostname="Rajit_4966" failures="0" tests="3" name="podcast.podcastTesting" time="63.884" errors="0" timestamp="2024-10-06T23:33:43 IST" skipped="0">
  <testcase classname="podcast.podcastTesting" name="openPodcastApp" time="22.072"/>
  <testcase classname="podcast.podcastTesting" name="toggleBatterySaver" time="13.544"/>
  <testcase classname="podcast.podcastTesting" name="switchApp" time="28.268"/>
</testsuite> <!-- podcast.podcastTesting -->
