<?xml version="1.0" encoding="UTF-8"?>
<!-- Generated by org.testng.reporters.JUnitReportReporter -->
<testsuite hostname="Rajit_4966" failures="0" tests="1" name="RestAssuredApiTesting.CartApiTesting" time="9.210" errors="0" timestamp="2024-10-04T11:34:17 IST" skipped="0">
  <testcase classname="RestAssuredApiTesting.CartApiTesting" name="getAllCarts" time="9.210"/>
  <system-out/>
</testsuite> <!-- RestAssuredApiTesting.CartApiTesting -->
