<?xml version="1.0" encoding="UTF-8"?>
<!-- Generated by org.testng.reporters.JUnitReportReporter -->
<testsuite hostname="Rajit_4966" failures="0" tests="9" name="RestAssuredApiTesting.UserApiTesting" time="39.962" errors="0" timestamp="2024-10-07T01:44:07 IST" skipped="0">
  <testcase classname="RestAssuredApiTesting.UserApiTesting" name="getAllUsers" time="1.385"/>
  <system-out/>
  <testcase classname="RestAssuredApiTesting.UserApiTesting" name="deleteUser" time="19.003"/>
  <system-out/>
  <testcase classname="RestAssuredApiTesting.UserApiTesting" name="loginUser" time="0.946"/>
  <system-out/>
  <testcase classname="RestAssuredApiTesting.UserApiTesting" name="updateUser" time="0.941"/>
  <system-out/>
  <testcase classname="RestAssuredApiTesting.UserApiTesting" name="getSingleUser" time="1.027"/>
  <system-out/>
  <testcase classname="RestAssuredApiTesting.UserApiTesting" name="filterUsersByKeyValue" time="2.156"/>
  <system-out/>
  <testcase classname="RestAssuredApiTesting.UserApiTesting" name="getAuthUser" time="12.121"/>
  <system-out/>
  <testcase classname="RestAssuredApiTesting.UserApiTesting" name="searchUsers" time="1.107"/>
  <system-out/>
  <testcase classname="RestAssuredApiTesting.UserApiTesting" name="limitAndSkipUsers" time="1.276"/>
  <system-out/>
</testsuite> <!-- RestAssuredApiTesting.UserApiTesting -->
